{"level":"info","message":"App starting...","service":"user-service","timestamp":"2025-09-11 18:23:36"}
{"level":"info","message":"App starting...","service":"user-service","timestamp":"2025-09-11 18:24:14"}
{"level":"info","message":"App starting...","service":"user-service","timestamp":"2025-09-11 18:25:51"}
{"level":"info","message":"App starting...","service":"user-service","timestamp":"2025-09-11 18:26:09"}
{"level":"info","message":"App starting...","service":"user-service","timestamp":"2025-09-11 18:26:12"}
{"level":"error","message":"[GET] /api/dashboard/admin - Cannot set property query of #<IncomingMessage> which has only a getter","service":"user-service","stack":"TypeError: Cannot set property query of #<IncomingMessage> which has only a getter\n    at E:\\Root\\node_modules\\express-mongo-sanitize\\index.js:113:18\n    at Array.forEach (<anonymous>)\n    at E:\\Root\\node_modules\\express-mongo-sanitize\\index.js:110:44\n    at Layer.handleRequest (E:\\Root\\node_modules\\router\\lib\\layer.js:152:17)\n    at trimPrefix (E:\\Root\\node_modules\\router\\index.js:342:13)\n    at E:\\Root\\node_modules\\router\\index.js:297:9\n    at processParams (E:\\Root\\node_modules\\router\\index.js:582:12)\n    at next (E:\\Root\\node_modules\\router\\index.js:291:5)\n    at jsonParser (E:\\Root\\node_modules\\body-parser\\lib\\types\\json.js:100:7)\n    at Layer.handleRequest (E:\\Root\\node_modules\\router\\lib\\layer.js:152:17)","statusCode":500,"timestamp":"2025-09-11 18:26:31"}
{"level":"info","message":"App starting...","service":"user-service","timestamp":"2025-09-11 18:28:36"}
{"level":"info","message":"App starting...","service":"user-service","timestamp":"2025-09-11 18:28:44"}
{"level":"info","message":"App starting...","service":"user-service","timestamp":"2025-09-11 18:29:02"}
{"level":"error","message":"[GET] /api/dashboard/admin/overviesss - Cannot set property query of #<IncomingMessage> which has only a getter","service":"user-service","stack":"TypeError: Cannot set property query of #<IncomingMessage> which has only a getter\n    at E:\\Root\\node_modules\\express-mongo-sanitize\\index.js:113:18\n    at Array.forEach (<anonymous>)\n    at E:\\Root\\node_modules\\express-mongo-sanitize\\index.js:110:44\n    at Layer.handleRequest (E:\\Root\\node_modules\\router\\lib\\layer.js:152:17)\n    at trimPrefix (E:\\Root\\node_modules\\router\\index.js:342:13)\n    at E:\\Root\\node_modules\\router\\index.js:297:9\n    at processParams (E:\\Root\\node_modules\\router\\index.js:582:12)\n    at next (E:\\Root\\node_modules\\router\\index.js:291:5)\n    at jsonParser (E:\\Root\\node_modules\\body-parser\\lib\\types\\json.js:100:7)\n    at Layer.handleRequest (E:\\Root\\node_modules\\router\\lib\\layer.js:152:17)","statusCode":500,"timestamp":"2025-09-11 18:29:11"}
{"level":"info","message":"App starting...","service":"user-service","timestamp":"2025-09-12 11:08:52"}
{"level":"info","message":"App starting...","service":"user-service","timestamp":"2025-09-12 11:08:54"}
{"level":"info","message":"App starting...","service":"user-service","timestamp":"2025-09-12 11:15:38"}
{"level":"info","message":"App starting...","service":"user-service","timestamp":"2025-09-12 11:20:04"}
{"level":"info","message":"App starting...","service":"user-service","timestamp":"2025-09-12 11:20:44"}
{"level":"info","message":"App starting...","service":"user-service","timestamp":"2025-09-12 11:22:37"}
{"level":"info","message":"App starting...","service":"user-service","timestamp":"2025-09-12 11:39:06"}
{"level":"info","message":"App starting...","service":"user-service","timestamp":"2025-09-12 12:09:03"}
{"level":"info","message":"App starting...","service":"user-service","timestamp":"2025-09-12 12:17:30"}
{"level":"info","message":"App starting...","service":"user-service","timestamp":"2025-09-12 12:17:45"}
{"level":"info","message":"App starting...","service":"user-service","timestamp":"2025-09-12 12:21:48"}
{"level":"info","message":"App starting...","service":"user-service","timestamp":"2025-09-12 12:29:00"}
{"level":"info","message":"App starting...","service":"user-service","timestamp":"2025-09-12 12:29:02"}
{"level":"info","message":"App starting...","service":"user-service","timestamp":"2025-09-12 12:32:40"}
{"level":"info","message":"App starting...","service":"user-service","timestamp":"2025-09-12 12:44:04"}
{"level":"info","message":"App starting...","service":"user-service","timestamp":"2025-09-12 12:44:27"}
{"level":"info","message":"App starting...","service":"user-service","timestamp":"2025-09-12 12:44:48"}
{"level":"info","message":"App starting...","service":"user-service","timestamp":"2025-09-12 12:45:04"}
{"level":"info","message":"App starting...","service":"user-service","timestamp":"2025-09-12 12:45:09"}
{"level":"info","message":"App starting...","service":"user-service","timestamp":"2025-09-12 12:45:14"}
{"level":"info","message":"App starting...","service":"user-service","timestamp":"2025-09-12 12:45:15"}
{"level":"info","message":"App starting...","service":"user-service","timestamp":"2025-09-12 12:45:17"}
{"level":"info","message":"App starting...","service":"user-service","timestamp":"2025-09-12 12:45:25"}
{"level":"info","message":"App starting...","service":"user-service","timestamp":"2025-09-12 12:45:30"}
{"level":"info","message":"App starting...","service":"user-service","timestamp":"2025-09-12 12:45:37"}
{"level":"info","message":"App starting...","service":"user-service","timestamp":"2025-09-12 12:45:41"}
{"level":"info","message":"App starting...","service":"user-service","timestamp":"2025-09-12 12:45:47"}
{"level":"info","message":"App starting...","service":"user-service","timestamp":"2025-09-12 12:46:00"}
{"level":"info","message":"App starting...","service":"user-service","timestamp":"2025-09-12 12:46:02"}
{"level":"info","message":"App starting...","service":"user-service","timestamp":"2025-09-12 12:46:17"}
{"level":"info","message":"App starting...","service":"user-service","timestamp":"2025-09-12 12:46:25"}
{"level":"info","message":"App starting...","service":"user-service","timestamp":"2025-09-12 12:46:30"}
{"level":"info","message":"App starting...","service":"user-service","timestamp":"2025-09-12 12:46:52"}
{"level":"info","message":"App starting...","service":"user-service","timestamp":"2025-09-12 12:46:57"}
{"level":"info","message":"App starting...","service":"user-service","timestamp":"2025-09-12 12:47:03"}
{"level":"info","message":"App starting...","service":"user-service","timestamp":"2025-09-12 12:47:05"}
{"level":"info","message":"App starting...","service":"user-service","timestamp":"2025-09-12 12:47:38"}
{"level":"info","message":"App starting...","service":"user-service","timestamp":"2025-09-12 12:47:52"}
{"level":"info","message":"App starting...","service":"user-service","timestamp":"2025-09-12 12:47:59"}
{"level":"info","message":"App starting...","service":"user-service","timestamp":"2025-09-12 12:48:03"}
{"level":"info","message":"App starting...","service":"user-service","timestamp":"2025-09-12 12:48:08"}
{"level":"info","message":"App starting...","service":"user-service","timestamp":"2025-09-12 12:48:14"}
{"level":"info","message":"App starting...","service":"user-service","timestamp":"2025-09-12 12:48:19"}
{"level":"info","message":"App starting...","service":"user-service","timestamp":"2025-09-12 12:48:23"}
{"level":"info","message":"App starting...","service":"user-service","timestamp":"2025-09-12 12:48:26"}
{"level":"info","message":"App starting...","service":"user-service","timestamp":"2025-09-12 12:48:29"}
{"level":"info","message":"App starting...","service":"user-service","timestamp":"2025-09-12 12:48:35"}
{"level":"info","message":"App starting...","service":"user-service","timestamp":"2025-09-12 12:48:46"}
{"level":"info","message":"App starting...","service":"user-service","timestamp":"2025-09-12 12:48:50"}
{"level":"info","message":"App starting...","service":"user-service","timestamp":"2025-09-12 12:48:56"}
{"level":"info","message":"App starting...","service":"user-service","timestamp":"2025-09-12 12:49:06"}
{"level":"info","message":"App starting...","service":"user-service","timestamp":"2025-09-12 12:49:15"}
{"level":"info","message":"App starting...","service":"user-service","timestamp":"2025-09-12 12:49:18"}
{"level":"info","message":"App starting...","service":"user-service","timestamp":"2025-09-12 12:49:27"}
{"level":"info","message":"App starting...","service":"user-service","timestamp":"2025-09-12 12:49:44"}
{"level":"info","message":"App starting...","service":"user-service","timestamp":"2025-09-12 12:50:00"}
{"level":"info","message":"App starting...","service":"user-service","timestamp":"2025-09-12 12:50:06"}
{"level":"info","message":"App starting...","service":"user-service","timestamp":"2025-09-12 12:50:13"}
{"level":"info","message":"App starting...","service":"user-service","timestamp":"2025-09-12 12:50:18"}
{"level":"info","message":"App starting...","service":"user-service","timestamp":"2025-09-12 12:50:21"}
{"level":"info","message":"App starting...","service":"user-service","timestamp":"2025-09-12 12:50:24"}
{"level":"info","message":"App starting...","service":"user-service","timestamp":"2025-09-12 12:50:28"}
{"level":"info","message":"App starting...","service":"user-service","timestamp":"2025-09-13 11:36:31"}
{"level":"info","message":"App starting...","service":"user-service","timestamp":"2025-09-13 11:36:39"}
{"level":"info","message":"App starting...","service":"user-service","timestamp":"2025-09-13 11:39:15"}
{"level":"info","message":"App starting...","service":"user-service","timestamp":"2025-09-13 11:39:17"}
{"level":"info","message":"App starting...","service":"user-service","timestamp":"2025-09-13 11:39:22"}
{"level":"info","message":"App starting...","service":"user-service","timestamp":"2025-09-13 11:39:26"}
{"level":"info","message":"App starting...","service":"user-service","timestamp":"2025-09-13 11:39:28"}
{"level":"info","message":"App starting...","service":"user-service","timestamp":"2025-09-13 11:39:30"}
{"level":"info","message":"App starting...","service":"user-service","timestamp":"2025-09-13 11:39:34"}
{"level":"info","message":"App starting...","service":"user-service","timestamp":"2025-09-13 11:39:38"}
{"level":"info","message":"App starting...","service":"user-service","timestamp":"2025-09-13 11:39:43"}
{"level":"info","message":"App starting...","service":"user-service","timestamp":"2025-09-13 11:39:47"}
{"level":"info","message":"App starting...","service":"user-service","timestamp":"2025-09-13 11:39:49"}
{"level":"info","message":"App starting...","service":"user-service","timestamp":"2025-09-13 11:39:56"}
{"level":"info","message":"App starting...","service":"user-service","timestamp":"2025-09-13 11:40:00"}
{"level":"info","message":"App starting...","service":"user-service","timestamp":"2025-09-13 11:40:08"}
{"level":"info","message":"App starting...","service":"user-service","timestamp":"2025-09-13 11:40:11"}
{"level":"info","message":"App starting...","service":"user-service","timestamp":"2025-09-13 11:40:14"}
{"level":"info","message":"App starting...","service":"user-service","timestamp":"2025-09-13 11:40:20"}
{"level":"info","message":"App starting...","service":"user-service","timestamp":"2025-09-13 11:40:27"}
{"level":"info","message":"App starting...","service":"user-service","timestamp":"2025-09-13 11:41:51"}
{"level":"info","message":"App starting...","service":"user-service","timestamp":"2025-09-13 11:41:52"}
{"level":"info","message":"App starting...","service":"user-service","timestamp":"2025-09-13 11:41:55"}
{"level":"info","message":"App starting...","service":"user-service","timestamp":"2025-09-13 11:42:00"}
{"level":"info","message":"App starting...","service":"user-service","timestamp":"2025-09-13 11:42:03"}
{"level":"info","message":"App starting...","service":"user-service","timestamp":"2025-09-13 11:42:05"}
{"level":"info","message":"App starting...","service":"user-service","timestamp":"2025-09-13 11:42:19"}
{"level":"info","message":"App starting...","service":"user-service","timestamp":"2025-09-13 11:42:23"}
{"level":"info","message":"App starting...","service":"user-service","timestamp":"2025-09-13 11:42:26"}
{"level":"info","message":"App starting...","service":"user-service","timestamp":"2025-09-13 11:42:30"}
{"level":"info","message":"App starting...","service":"user-service","timestamp":"2025-09-13 11:42:33"}
{"level":"info","message":"App starting...","service":"user-service","timestamp":"2025-09-13 11:42:36"}
{"level":"info","message":"App starting...","service":"user-service","timestamp":"2025-09-13 11:42:38"}
{"level":"info","message":"App starting...","service":"user-service","timestamp":"2025-09-13 11:43:05"}
{"level":"info","message":"App starting...","service":"user-service","timestamp":"2025-09-13 11:43:09"}
{"level":"info","message":"App starting...","service":"user-service","timestamp":"2025-09-13 11:43:12"}
{"level":"info","message":"App starting...","service":"user-service","timestamp":"2025-09-13 11:43:14"}
{"level":"info","message":"App starting...","service":"user-service","timestamp":"2025-09-13 11:43:18"}
{"level":"info","message":"App starting...","service":"user-service","timestamp":"2025-09-13 11:43:30"}
{"level":"info","message":"App starting...","service":"user-service","timestamp":"2025-09-13 11:43:32"}
{"level":"info","message":"App starting...","service":"user-service","timestamp":"2025-09-13 11:43:41"}
{"level":"info","message":"App starting...","service":"user-service","timestamp":"2025-09-13 11:44:20"}
{"level":"info","message":"App starting...","service":"user-service","timestamp":"2025-09-13 11:44:25"}
{"level":"info","message":"App starting...","service":"user-service","timestamp":"2025-09-13 11:44:29"}
{"level":"info","message":"App starting...","service":"user-service","timestamp":"2025-09-13 11:44:49"}
{"level":"info","message":"App starting...","service":"user-service","timestamp":"2025-09-13 11:44:57"}
{"level":"info","message":"App starting...","service":"user-service","timestamp":"2025-09-13 11:45:03"}
{"level":"info","message":"App starting...","service":"user-service","timestamp":"2025-09-13 11:45:09"}
{"level":"info","message":"App starting...","service":"user-service","timestamp":"2025-09-13 11:45:10"}
{"level":"info","message":"App starting...","service":"user-service","timestamp":"2025-09-13 11:45:18"}
{"level":"info","message":"App starting...","service":"user-service","timestamp":"2025-09-13 11:45:20"}
{"level":"info","message":"App starting...","service":"user-service","timestamp":"2025-09-13 11:45:48"}
{"level":"info","message":"App starting...","service":"user-service","timestamp":"2025-09-13 11:45:51"}
{"level":"info","message":"App starting...","service":"user-service","timestamp":"2025-09-13 11:45:55"}
{"level":"info","message":"App starting...","service":"user-service","timestamp":"2025-09-13 11:45:56"}
{"level":"info","message":"App starting...","service":"user-service","timestamp":"2025-09-13 11:47:43"}
{"level":"info","message":"App starting...","service":"user-service","timestamp":"2025-09-13 11:47:52"}
{"level":"info","message":"App starting...","service":"user-service","timestamp":"2025-09-13 11:48:06"}
{"level":"info","message":"App starting...","service":"user-service","timestamp":"2025-09-13 11:48:17"}
{"level":"info","message":"App starting...","service":"user-service","timestamp":"2025-09-13 11:48:27"}
{"level":"info","message":"App starting...","service":"user-service","timestamp":"2025-09-13 11:48:31"}
{"level":"info","message":"App starting...","service":"user-service","timestamp":"2025-09-13 11:48:38"}
{"level":"error","message":"[GET] / - Cannot set property query of #<IncomingMessage> which has only a getter","service":"user-service","stack":"TypeError: Cannot set property query of #<IncomingMessage> which has only a getter\n    at E:\\Root\\node_modules\\express-mongo-sanitize\\index.js:113:18\n    at Array.forEach (<anonymous>)\n    at E:\\Root\\node_modules\\express-mongo-sanitize\\index.js:110:44\n    at Layer.handleRequest (E:\\Root\\node_modules\\router\\lib\\layer.js:152:17)\n    at trimPrefix (E:\\Root\\node_modules\\router\\index.js:342:13)\n    at E:\\Root\\node_modules\\router\\index.js:297:9\n    at processParams (E:\\Root\\node_modules\\router\\index.js:582:12)\n    at next (E:\\Root\\node_modules\\router\\index.js:291:5)\n    at jsonParser (E:\\Root\\node_modules\\body-parser\\lib\\types\\json.js:100:7)\n    at Layer.handleRequest (E:\\Root\\node_modules\\router\\lib\\layer.js:152:17)","statusCode":500,"timestamp":"2025-09-13 11:49:38"}
{"level":"error","message":"[GET] /favicon.ico - Cannot set property query of #<IncomingMessage> which has only a getter","service":"user-service","stack":"TypeError: Cannot set property query of #<IncomingMessage> which has only a getter\n    at E:\\Root\\node_modules\\express-mongo-sanitize\\index.js:113:18\n    at Array.forEach (<anonymous>)\n    at E:\\Root\\node_modules\\express-mongo-sanitize\\index.js:110:44\n    at Layer.handleRequest (E:\\Root\\node_modules\\router\\lib\\layer.js:152:17)\n    at trimPrefix (E:\\Root\\node_modules\\router\\index.js:342:13)\n    at E:\\Root\\node_modules\\router\\index.js:297:9\n    at processParams (E:\\Root\\node_modules\\router\\index.js:582:12)\n    at next (E:\\Root\\node_modules\\router\\index.js:291:5)\n    at jsonParser (E:\\Root\\node_modules\\body-parser\\lib\\types\\json.js:100:7)\n    at Layer.handleRequest (E:\\Root\\node_modules\\router\\lib\\layer.js:152:17)","statusCode":500,"timestamp":"2025-09-13 11:49:39"}
{"level":"error","message":"[GET] / - Cannot set property query of #<IncomingMessage> which has only a getter","service":"user-service","stack":"TypeError: Cannot set property query of #<IncomingMessage> which has only a getter\n    at E:\\Root\\node_modules\\express-mongo-sanitize\\index.js:113:18\n    at Array.forEach (<anonymous>)\n    at E:\\Root\\node_modules\\express-mongo-sanitize\\index.js:110:44\n    at Layer.handleRequest (E:\\Root\\node_modules\\router\\lib\\layer.js:152:17)\n    at trimPrefix (E:\\Root\\node_modules\\router\\index.js:342:13)\n    at E:\\Root\\node_modules\\router\\index.js:297:9\n    at processParams (E:\\Root\\node_modules\\router\\index.js:582:12)\n    at next (E:\\Root\\node_modules\\router\\index.js:291:5)\n    at jsonParser (E:\\Root\\node_modules\\body-parser\\lib\\types\\json.js:100:7)\n    at Layer.handleRequest (E:\\Root\\node_modules\\router\\lib\\layer.js:152:17)","statusCode":500,"timestamp":"2025-09-13 11:49:47"}
{"level":"error","message":"[GET] /favicon.ico - Cannot set property query of #<IncomingMessage> which has only a getter","service":"user-service","stack":"TypeError: Cannot set property query of #<IncomingMessage> which has only a getter\n    at E:\\Root\\node_modules\\express-mongo-sanitize\\index.js:113:18\n    at Array.forEach (<anonymous>)\n    at E:\\Root\\node_modules\\express-mongo-sanitize\\index.js:110:44\n    at Layer.handleRequest (E:\\Root\\node_modules\\router\\lib\\layer.js:152:17)\n    at trimPrefix (E:\\Root\\node_modules\\router\\index.js:342:13)\n    at E:\\Root\\node_modules\\router\\index.js:297:9\n    at processParams (E:\\Root\\node_modules\\router\\index.js:582:12)\n    at next (E:\\Root\\node_modules\\router\\index.js:291:5)\n    at jsonParser (E:\\Root\\node_modules\\body-parser\\lib\\types\\json.js:100:7)\n    at Layer.handleRequest (E:\\Root\\node_modules\\router\\lib\\layer.js:152:17)","statusCode":500,"timestamp":"2025-09-13 11:49:47"}
{"level":"info","message":"App starting...","service":"user-service","timestamp":"2025-09-13 11:58:08"}
{"level":"error","message":"[GET] / - Cannot set property query of #<IncomingMessage> which has only a getter","service":"user-service","stack":"TypeError: Cannot set property query of #<IncomingMessage> which has only a getter\n    at E:\\Root\\node_modules\\express-mongo-sanitize\\index.js:113:18\n    at Array.forEach (<anonymous>)\n    at E:\\Root\\node_modules\\express-mongo-sanitize\\index.js:110:44\n    at Layer.handleRequest (E:\\Root\\node_modules\\router\\lib\\layer.js:152:17)\n    at trimPrefix (E:\\Root\\node_modules\\router\\index.js:342:13)\n    at E:\\Root\\node_modules\\router\\index.js:297:9\n    at processParams (E:\\Root\\node_modules\\router\\index.js:582:12)\n    at next (E:\\Root\\node_modules\\router\\index.js:291:5)\n    at jsonParser (E:\\Root\\node_modules\\body-parser\\lib\\types\\json.js:100:7)\n    at Layer.handleRequest (E:\\Root\\node_modules\\router\\lib\\layer.js:152:17)","statusCode":500,"timestamp":"2025-09-13 11:58:15"}
{"level":"error","message":"[GET] /favicon.ico - Cannot set property query of #<IncomingMessage> which has only a getter","service":"user-service","stack":"TypeError: Cannot set property query of #<IncomingMessage> which has only a getter\n    at E:\\Root\\node_modules\\express-mongo-sanitize\\index.js:113:18\n    at Array.forEach (<anonymous>)\n    at E:\\Root\\node_modules\\express-mongo-sanitize\\index.js:110:44\n    at Layer.handleRequest (E:\\Root\\node_modules\\router\\lib\\layer.js:152:17)\n    at trimPrefix (E:\\Root\\node_modules\\router\\index.js:342:13)\n    at E:\\Root\\node_modules\\router\\index.js:297:9\n    at processParams (E:\\Root\\node_modules\\router\\index.js:582:12)\n    at next (E:\\Root\\node_modules\\router\\index.js:291:5)\n    at jsonParser (E:\\Root\\node_modules\\body-parser\\lib\\types\\json.js:100:7)\n    at Layer.handleRequest (E:\\Root\\node_modules\\router\\lib\\layer.js:152:17)","statusCode":500,"timestamp":"2025-09-13 11:58:15"}
{"level":"error","message":"[GET] / - Cannot set property query of #<IncomingMessage> which has only a getter","service":"user-service","stack":"TypeError: Cannot set property query of #<IncomingMessage> which has only a getter\n    at E:\\Root\\node_modules\\express-mongo-sanitize\\index.js:113:18\n    at Array.forEach (<anonymous>)\n    at E:\\Root\\node_modules\\express-mongo-sanitize\\index.js:110:44\n    at Layer.handleRequest (E:\\Root\\node_modules\\router\\lib\\layer.js:152:17)\n    at trimPrefix (E:\\Root\\node_modules\\router\\index.js:342:13)\n    at E:\\Root\\node_modules\\router\\index.js:297:9\n    at processParams (E:\\Root\\node_modules\\router\\index.js:582:12)\n    at next (E:\\Root\\node_modules\\router\\index.js:291:5)\n    at jsonParser (E:\\Root\\node_modules\\body-parser\\lib\\types\\json.js:100:7)\n    at Layer.handleRequest (E:\\Root\\node_modules\\router\\lib\\layer.js:152:17)","statusCode":500,"timestamp":"2025-09-13 11:58:16"}
{"level":"error","message":"[GET] /favicon.ico - Cannot set property query of #<IncomingMessage> which has only a getter","service":"user-service","stack":"TypeError: Cannot set property query of #<IncomingMessage> which has only a getter\n    at E:\\Root\\node_modules\\express-mongo-sanitize\\index.js:113:18\n    at Array.forEach (<anonymous>)\n    at E:\\Root\\node_modules\\express-mongo-sanitize\\index.js:110:44\n    at Layer.handleRequest (E:\\Root\\node_modules\\router\\lib\\layer.js:152:17)\n    at trimPrefix (E:\\Root\\node_modules\\router\\index.js:342:13)\n    at E:\\Root\\node_modules\\router\\index.js:297:9\n    at processParams (E:\\Root\\node_modules\\router\\index.js:582:12)\n    at next (E:\\Root\\node_modules\\router\\index.js:291:5)\n    at jsonParser (E:\\Root\\node_modules\\body-parser\\lib\\types\\json.js:100:7)\n    at Layer.handleRequest (E:\\Root\\node_modules\\router\\lib\\layer.js:152:17)","statusCode":500,"timestamp":"2025-09-13 11:58:16"}
{"level":"error","message":"[GET] / - Cannot set property query of #<IncomingMessage> which has only a getter","service":"user-service","stack":"TypeError: Cannot set property query of #<IncomingMessage> which has only a getter\n    at E:\\Root\\node_modules\\express-mongo-sanitize\\index.js:113:18\n    at Array.forEach (<anonymous>)\n    at E:\\Root\\node_modules\\express-mongo-sanitize\\index.js:110:44\n    at Layer.handleRequest (E:\\Root\\node_modules\\router\\lib\\layer.js:152:17)\n    at trimPrefix (E:\\Root\\node_modules\\router\\index.js:342:13)\n    at E:\\Root\\node_modules\\router\\index.js:297:9\n    at processParams (E:\\Root\\node_modules\\router\\index.js:582:12)\n    at next (E:\\Root\\node_modules\\router\\index.js:291:5)\n    at jsonParser (E:\\Root\\node_modules\\body-parser\\lib\\types\\json.js:100:7)\n    at Layer.handleRequest (E:\\Root\\node_modules\\router\\lib\\layer.js:152:17)","statusCode":500,"timestamp":"2025-09-13 11:59:15"}
{"level":"error","message":"[GET] /favicon.ico - Cannot set property query of #<IncomingMessage> which has only a getter","service":"user-service","stack":"TypeError: Cannot set property query of #<IncomingMessage> which has only a getter\n    at E:\\Root\\node_modules\\express-mongo-sanitize\\index.js:113:18\n    at Array.forEach (<anonymous>)\n    at E:\\Root\\node_modules\\express-mongo-sanitize\\index.js:110:44\n    at Layer.handleRequest (E:\\Root\\node_modules\\router\\lib\\layer.js:152:17)\n    at trimPrefix (E:\\Root\\node_modules\\router\\index.js:342:13)\n    at E:\\Root\\node_modules\\router\\index.js:297:9\n    at processParams (E:\\Root\\node_modules\\router\\index.js:582:12)\n    at next (E:\\Root\\node_modules\\router\\index.js:291:5)\n    at jsonParser (E:\\Root\\node_modules\\body-parser\\lib\\types\\json.js:100:7)\n    at Layer.handleRequest (E:\\Root\\node_modules\\router\\lib\\layer.js:152:17)","statusCode":500,"timestamp":"2025-09-13 11:59:16"}
{"level":"info","message":"App starting...","service":"user-service","timestamp":"2025-09-13 12:01:14"}
{"level":"info","message":"App starting...","service":"user-service","timestamp":"2025-09-13 12:01:45"}
{"level":"error","message":"[GET] / - Cannot set property query of #<IncomingMessage> which has only a getter","service":"user-service","stack":"TypeError: Cannot set property query of #<IncomingMessage> which has only a getter\n    at E:\\Root\\node_modules\\express-mongo-sanitize\\index.js:113:18\n    at Array.forEach (<anonymous>)\n    at E:\\Root\\node_modules\\express-mongo-sanitize\\index.js:110:44\n    at Layer.handleRequest (E:\\Root\\node_modules\\router\\lib\\layer.js:152:17)\n    at trimPrefix (E:\\Root\\node_modules\\router\\index.js:342:13)\n    at E:\\Root\\node_modules\\router\\index.js:297:9\n    at processParams (E:\\Root\\node_modules\\router\\index.js:582:12)\n    at next (E:\\Root\\node_modules\\router\\index.js:291:5)\n    at jsonParser (E:\\Root\\node_modules\\body-parser\\lib\\types\\json.js:100:7)\n    at Layer.handleRequest (E:\\Root\\node_modules\\router\\lib\\layer.js:152:17)","statusCode":500,"timestamp":"2025-09-13 12:01:52"}
{"level":"error","message":"[GET] /favicon.ico - Cannot set property query of #<IncomingMessage> which has only a getter","service":"user-service","stack":"TypeError: Cannot set property query of #<IncomingMessage> which has only a getter\n    at E:\\Root\\node_modules\\express-mongo-sanitize\\index.js:113:18\n    at Array.forEach (<anonymous>)\n    at E:\\Root\\node_modules\\express-mongo-sanitize\\index.js:110:44\n    at Layer.handleRequest (E:\\Root\\node_modules\\router\\lib\\layer.js:152:17)\n    at trimPrefix (E:\\Root\\node_modules\\router\\index.js:342:13)\n    at E:\\Root\\node_modules\\router\\index.js:297:9\n    at processParams (E:\\Root\\node_modules\\router\\index.js:582:12)\n    at next (E:\\Root\\node_modules\\router\\index.js:291:5)\n    at jsonParser (E:\\Root\\node_modules\\body-parser\\lib\\types\\json.js:100:7)\n    at Layer.handleRequest (E:\\Root\\node_modules\\router\\lib\\layer.js:152:17)","statusCode":500,"timestamp":"2025-09-13 12:01:52"}
{"level":"error","message":"[GET] / - Cannot set property query of #<IncomingMessage> which has only a getter","service":"user-service","stack":"TypeError: Cannot set property query of #<IncomingMessage> which has only a getter\n    at E:\\Root\\node_modules\\express-mongo-sanitize\\index.js:113:18\n    at Array.forEach (<anonymous>)\n    at E:\\Root\\node_modules\\express-mongo-sanitize\\index.js:110:44\n    at Layer.handleRequest (E:\\Root\\node_modules\\router\\lib\\layer.js:152:17)\n    at trimPrefix (E:\\Root\\node_modules\\router\\index.js:342:13)\n    at E:\\Root\\node_modules\\router\\index.js:297:9\n    at processParams (E:\\Root\\node_modules\\router\\index.js:582:12)\n    at next (E:\\Root\\node_modules\\router\\index.js:291:5)\n    at jsonParser (E:\\Root\\node_modules\\body-parser\\lib\\types\\json.js:100:7)\n    at Layer.handleRequest (E:\\Root\\node_modules\\router\\lib\\layer.js:152:17)","statusCode":500,"timestamp":"2025-09-13 12:01:53"}
{"level":"error","message":"[GET] /favicon.ico - Cannot set property query of #<IncomingMessage> which has only a getter","service":"user-service","stack":"TypeError: Cannot set property query of #<IncomingMessage> which has only a getter\n    at E:\\Root\\node_modules\\express-mongo-sanitize\\index.js:113:18\n    at Array.forEach (<anonymous>)\n    at E:\\Root\\node_modules\\express-mongo-sanitize\\index.js:110:44\n    at Layer.handleRequest (E:\\Root\\node_modules\\router\\lib\\layer.js:152:17)\n    at trimPrefix (E:\\Root\\node_modules\\router\\index.js:342:13)\n    at E:\\Root\\node_modules\\router\\index.js:297:9\n    at processParams (E:\\Root\\node_modules\\router\\index.js:582:12)\n    at next (E:\\Root\\node_modules\\router\\index.js:291:5)\n    at jsonParser (E:\\Root\\node_modules\\body-parser\\lib\\types\\json.js:100:7)\n    at Layer.handleRequest (E:\\Root\\node_modules\\router\\lib\\layer.js:152:17)","statusCode":500,"timestamp":"2025-09-13 12:01:53"}
{"level":"error","message":"[GET] / - Cannot set property query of #<IncomingMessage> which has only a getter","service":"user-service","stack":"TypeError: Cannot set property query of #<IncomingMessage> which has only a getter\n    at E:\\Root\\node_modules\\express-mongo-sanitize\\index.js:113:18\n    at Array.forEach (<anonymous>)\n    at E:\\Root\\node_modules\\express-mongo-sanitize\\index.js:110:44\n    at Layer.handleRequest (E:\\Root\\node_modules\\router\\lib\\layer.js:152:17)\n    at trimPrefix (E:\\Root\\node_modules\\router\\index.js:342:13)\n    at E:\\Root\\node_modules\\router\\index.js:297:9\n    at processParams (E:\\Root\\node_modules\\router\\index.js:582:12)\n    at next (E:\\Root\\node_modules\\router\\index.js:291:5)\n    at jsonParser (E:\\Root\\node_modules\\body-parser\\lib\\types\\json.js:100:7)\n    at Layer.handleRequest (E:\\Root\\node_modules\\router\\lib\\layer.js:152:17)","statusCode":500,"timestamp":"2025-09-13 12:01:53"}
{"level":"error","message":"[GET] /favicon.ico - Cannot set property query of #<IncomingMessage> which has only a getter","service":"user-service","stack":"TypeError: Cannot set property query of #<IncomingMessage> which has only a getter\n    at E:\\Root\\node_modules\\express-mongo-sanitize\\index.js:113:18\n    at Array.forEach (<anonymous>)\n    at E:\\Root\\node_modules\\express-mongo-sanitize\\index.js:110:44\n    at Layer.handleRequest (E:\\Root\\node_modules\\router\\lib\\layer.js:152:17)\n    at trimPrefix (E:\\Root\\node_modules\\router\\index.js:342:13)\n    at E:\\Root\\node_modules\\router\\index.js:297:9\n    at processParams (E:\\Root\\node_modules\\router\\index.js:582:12)\n    at next (E:\\Root\\node_modules\\router\\index.js:291:5)\n    at jsonParser (E:\\Root\\node_modules\\body-parser\\lib\\types\\json.js:100:7)\n    at Layer.handleRequest (E:\\Root\\node_modules\\router\\lib\\layer.js:152:17)","statusCode":500,"timestamp":"2025-09-13 12:01:53"}
{"level":"info","message":"App starting...","service":"user-service","timestamp":"2025-09-13 12:02:17"}
{"level":"error","message":"[GET] / - Cannot set property query of #<IncomingMessage> which has only a getter","service":"user-service","stack":"TypeError: Cannot set property query of #<IncomingMessage> which has only a getter\n    at E:\\Root\\node_modules\\express-mongo-sanitize\\index.js:113:18\n    at Array.forEach (<anonymous>)\n    at E:\\Root\\node_modules\\express-mongo-sanitize\\index.js:110:44\n    at Layer.handleRequest (E:\\Root\\node_modules\\router\\lib\\layer.js:152:17)\n    at trimPrefix (E:\\Root\\node_modules\\router\\index.js:342:13)\n    at E:\\Root\\node_modules\\router\\index.js:297:9\n    at processParams (E:\\Root\\node_modules\\router\\index.js:582:12)\n    at next (E:\\Root\\node_modules\\router\\index.js:291:5)\n    at urlencodedParser (E:\\Root\\node_modules\\body-parser\\lib\\types\\urlencoded.js:68:7)\n    at Layer.handleRequest (E:\\Root\\node_modules\\router\\lib\\layer.js:152:17)","statusCode":500,"timestamp":"2025-09-13 12:02:27"}
{"level":"error","message":"[GET] /favicon.ico - Cannot set property query of #<IncomingMessage> which has only a getter","service":"user-service","stack":"TypeError: Cannot set property query of #<IncomingMessage> which has only a getter\n    at E:\\Root\\node_modules\\express-mongo-sanitize\\index.js:113:18\n    at Array.forEach (<anonymous>)\n    at E:\\Root\\node_modules\\express-mongo-sanitize\\index.js:110:44\n    at Layer.handleRequest (E:\\Root\\node_modules\\router\\lib\\layer.js:152:17)\n    at trimPrefix (E:\\Root\\node_modules\\router\\index.js:342:13)\n    at E:\\Root\\node_modules\\router\\index.js:297:9\n    at processParams (E:\\Root\\node_modules\\router\\index.js:582:12)\n    at next (E:\\Root\\node_modules\\router\\index.js:291:5)\n    at urlencodedParser (E:\\Root\\node_modules\\body-parser\\lib\\types\\urlencoded.js:68:7)\n    at Layer.handleRequest (E:\\Root\\node_modules\\router\\lib\\layer.js:152:17)","statusCode":500,"timestamp":"2025-09-13 12:02:27"}
{"level":"info","message":"App starting...","service":"user-service","timestamp":"2025-09-13 12:04:42"}
{"level":"info","message":"App starting...","service":"user-service","timestamp":"2025-09-13 12:06:52"}
{"level":"error","message":"[GET] / - Cannot set property query of #<IncomingMessage> which has only a getter","service":"user-service","stack":"TypeError: Cannot set property query of #<IncomingMessage> which has only a getter\n    at E:\\Root\\node_modules\\xss-clean\\lib\\index.js:8:30\n    at Layer.handleRequest (E:\\Root\\node_modules\\router\\lib\\layer.js:152:17)\n    at trimPrefix (E:\\Root\\node_modules\\router\\index.js:342:13)\n    at E:\\Root\\node_modules\\router\\index.js:297:9\n    at processParams (E:\\Root\\node_modules\\router\\index.js:582:12)\n    at next (E:\\Root\\node_modules\\router\\index.js:291:5)\n    at urlencodedParser (E:\\Root\\node_modules\\body-parser\\lib\\types\\urlencoded.js:68:7)\n    at Layer.handleRequest (E:\\Root\\node_modules\\router\\lib\\layer.js:152:17)\n    at trimPrefix (E:\\Root\\node_modules\\router\\index.js:342:13)\n    at E:\\Root\\node_modules\\router\\index.js:297:9","statusCode":500,"timestamp":"2025-09-13 12:07:06"}
{"level":"error","message":"[GET] /favicon.ico - Cannot set property query of #<IncomingMessage> which has only a getter","service":"user-service","stack":"TypeError: Cannot set property query of #<IncomingMessage> which has only a getter\n    at E:\\Root\\node_modules\\xss-clean\\lib\\index.js:8:30\n    at Layer.handleRequest (E:\\Root\\node_modules\\router\\lib\\layer.js:152:17)\n    at trimPrefix (E:\\Root\\node_modules\\router\\index.js:342:13)\n    at E:\\Root\\node_modules\\router\\index.js:297:9\n    at processParams (E:\\Root\\node_modules\\router\\index.js:582:12)\n    at next (E:\\Root\\node_modules\\router\\index.js:291:5)\n    at urlencodedParser (E:\\Root\\node_modules\\body-parser\\lib\\types\\urlencoded.js:68:7)\n    at Layer.handleRequest (E:\\Root\\node_modules\\router\\lib\\layer.js:152:17)\n    at trimPrefix (E:\\Root\\node_modules\\router\\index.js:342:13)\n    at E:\\Root\\node_modules\\router\\index.js:297:9","statusCode":500,"timestamp":"2025-09-13 12:07:06"}
{"level":"error","message":"[GET] / - Cannot set property query of #<IncomingMessage> which has only a getter","service":"user-service","stack":"TypeError: Cannot set property query of #<IncomingMessage> which has only a getter\n    at E:\\Root\\node_modules\\xss-clean\\lib\\index.js:8:30\n    at Layer.handleRequest (E:\\Root\\node_modules\\router\\lib\\layer.js:152:17)\n    at trimPrefix (E:\\Root\\node_modules\\router\\index.js:342:13)\n    at E:\\Root\\node_modules\\router\\index.js:297:9\n    at processParams (E:\\Root\\node_modules\\router\\index.js:582:12)\n    at next (E:\\Root\\node_modules\\router\\index.js:291:5)\n    at urlencodedParser (E:\\Root\\node_modules\\body-parser\\lib\\types\\urlencoded.js:68:7)\n    at Layer.handleRequest (E:\\Root\\node_modules\\router\\lib\\layer.js:152:17)\n    at trimPrefix (E:\\Root\\node_modules\\router\\index.js:342:13)\n    at E:\\Root\\node_modules\\router\\index.js:297:9","statusCode":500,"timestamp":"2025-09-13 12:07:07"}
{"level":"error","message":"[GET] /favicon.ico - Cannot set property query of #<IncomingMessage> which has only a getter","service":"user-service","stack":"TypeError: Cannot set property query of #<IncomingMessage> which has only a getter\n    at E:\\Root\\node_modules\\xss-clean\\lib\\index.js:8:30\n    at Layer.handleRequest (E:\\Root\\node_modules\\router\\lib\\layer.js:152:17)\n    at trimPrefix (E:\\Root\\node_modules\\router\\index.js:342:13)\n    at E:\\Root\\node_modules\\router\\index.js:297:9\n    at processParams (E:\\Root\\node_modules\\router\\index.js:582:12)\n    at next (E:\\Root\\node_modules\\router\\index.js:291:5)\n    at urlencodedParser (E:\\Root\\node_modules\\body-parser\\lib\\types\\urlencoded.js:68:7)\n    at Layer.handleRequest (E:\\Root\\node_modules\\router\\lib\\layer.js:152:17)\n    at trimPrefix (E:\\Root\\node_modules\\router\\index.js:342:13)\n    at E:\\Root\\node_modules\\router\\index.js:297:9","statusCode":500,"timestamp":"2025-09-13 12:07:07"}
{"level":"info","message":"App starting...","service":"user-service","timestamp":"2025-09-13 12:08:18"}
{"level":"info","message":"App starting...","service":"user-service","timestamp":"2025-09-13 12:08:35"}
{"level":"info","message":"App starting...","service":"user-service","timestamp":"2025-09-13 12:09:46"}
{"level":"error","message":"[GET] / - Cannot find module 'pug'\nRequire stack:\n- E:\\Root\\node_modules\\express\\lib\\view.js\n- E:\\Root\\node_modules\\express\\lib\\application.js\n- E:\\Root\\node_modules\\express\\lib\\express.js\n- E:\\Root\\node_modules\\express\\index.js\n- E:\\Root\\app.js\n- E:\\Root\\server.js","service":"user-service","stack":"Error: Cannot find module 'pug'\nRequire stack:\n- E:\\Root\\node_modules\\express\\lib\\view.js\n- E:\\Root\\node_modules\\express\\lib\\application.js\n- E:\\Root\\node_modules\\express\\lib\\express.js\n- E:\\Root\\node_modules\\express\\index.js\n- E:\\Root\\app.js\n- E:\\Root\\server.js\n    at Function._resolveFilename (node:internal/modules/cjs/loader:1401:15)\n    at defaultResolveImpl (node:internal/modules/cjs/loader:1057:19)\n    at resolveForCJSWithHooks (node:internal/modules/cjs/loader:1062:22)\n    at Function._load (node:internal/modules/cjs/loader:1211:37)\n    at TracingChannel.traceSync (node:diagnostics_channel:322:14)\n    at wrapModuleLoad (node:internal/modules/cjs/loader:235:24)\n    at Module.require (node:internal/modules/cjs/loader:1487:12)\n    at require (node:internal/modules/helpers:135:16)\n    at new View (E:\\Root\\node_modules\\express\\lib\\view.js:81:14)\n    at Function.render (E:\\Root\\node_modules\\express\\lib\\application.js:552:12)","statusCode":500,"timestamp":"2025-09-13 12:10:00"}
{"level":"error","message":"[GET] /favicon.ico - Can't find /favicon.ico on this server!","service":"user-service","stack":"Error: Can't find /favicon.ico on this server!\n    at E:\\Root\\app.js:85:8\n    at Layer.handleRequest (E:\\Root\\node_modules\\router\\lib\\layer.js:152:17)\n    at next (E:\\Root\\node_modules\\router\\lib\\route.js:157:13)\n    at Route.dispatch (E:\\Root\\node_modules\\router\\lib\\route.js:117:3)\n    at handle (E:\\Root\\node_modules\\router\\index.js:435:11)\n    at Layer.handleRequest (E:\\Root\\node_modules\\router\\lib\\layer.js:152:17)\n    at E:\\Root\\node_modules\\router\\index.js:295:15\n    at processParams (E:\\Root\\node_modules\\router\\index.js:582:12)\n    at next (E:\\Root\\node_modules\\router\\index.js:291:5)\n    at E:\\Root\\node_modules\\router\\index.js:688:15","statusCode":404,"timestamp":"2025-09-13 12:10:00"}
{"level":"info","message":"App starting...","service":"user-service","timestamp":"2025-09-13 12:11:39"}
{"level":"error","message":"[GET] / - E:\\Root\\views\\index.pug:13:25\n    11|   section.services(class=\"py-16 container mx-auto\")\r\n    12|     h2.text-3xl.font-bold.text-center.mb-10 Our Services\r\n  > 13|     .grid.grid-cols-1.md:grid-cols-3.gap-6\r\n--------------------------------^\n    14|       each service in services\r\n    15|         .card.bg-white.shadow-md.rounded-lg.p-4\r\n    16|           img(src=service.image alt=service.name class=\"w-full h-40 object-cover rounded\")\r\n\nUnexpected token `filter` expected `text`, `interpolated-code`, `code`, `:`, `slash`, `newline` or `eos`","service":"user-service","stack":"Error: E:\\Root\\views\\index.pug:13:25\n    11|   section.services(class=\"py-16 container mx-auto\")\r\n    12|     h2.text-3xl.font-bold.text-center.mb-10 Our Services\r\n  > 13|     .grid.grid-cols-1.md:grid-cols-3.gap-6\r\n--------------------------------^\n    14|       each service in services\r\n    15|         .card.bg-white.shadow-md.rounded-lg.p-4\r\n    16|           img(src=service.image alt=service.name class=\"w-full h-40 object-cover rounded\")\r\n\nUnexpected token `filter` expected `text`, `interpolated-code`, `code`, `:`, `slash`, `newline` or `eos`\n    at makeError (E:\\Root\\node_modules\\pug-error\\lib\\index.js:34:15)\n    at Parser.error (E:\\Root\\node_modules\\pug-parser\\index.js:56:15)\n    at Parser.tag (E:\\Root\\node_modules\\pug-parser\\index.js:1243:14)\n    at Parser.parseTag (E:\\Root\\node_modules\\pug-parser\\index.js:1126:17)\n    at Parser.parseExpr (E:\\Root\\node_modules\\pug-parser\\index.js:222:21)\n    at Parser.parseExpr (E:\\Root\\node_modules\\pug-parser\\index.js:276:21)\n    at Parser.block (E:\\Root\\node_modules\\pug-parser\\index.js:1073:25)\n    at Parser.tag (E:\\Root\\node_modules\\pug-parser\\index.js:1261:24)\n    at Parser.parseTag (E:\\Root\\node_modules\\pug-parser\\index.js:1126:17)\n    at Parser.parseExpr (E:\\Root\\node_modules\\pug-parser\\index.js:222:21)","statusCode":500,"timestamp":"2025-09-13 12:12:39"}
{"level":"info","message":"App starting...","service":"user-service","timestamp":"2025-09-13 12:25:12"}
{"level":"info","message":"App starting...","service":"user-service","timestamp":"2025-09-13 12:25:21"}
{"level":"info","message":"App starting...","service":"user-service","timestamp":"2025-09-13 12:26:49"}
{"level":"error","message":"[GET] /service/68c08191d884e3291638c4c5 - Can't find /service/68c08191d884e3291638c4c5 on this server!","service":"user-service","stack":"Error: Can't find /service/68c08191d884e3291638c4c5 on this server!\n    at E:\\Root\\app.js:85:8\n    at Layer.handleRequest (E:\\Root\\node_modules\\router\\lib\\layer.js:152:17)\n    at next (E:\\Root\\node_modules\\router\\lib\\route.js:157:13)\n    at Route.dispatch (E:\\Root\\node_modules\\router\\lib\\route.js:117:3)\n    at handle (E:\\Root\\node_modules\\router\\index.js:435:11)\n    at Layer.handleRequest (E:\\Root\\node_modules\\router\\lib\\layer.js:152:17)\n    at E:\\Root\\node_modules\\router\\index.js:295:15\n    at processParams (E:\\Root\\node_modules\\router\\index.js:582:12)\n    at next (E:\\Root\\node_modules\\router\\index.js:291:5)\n    at E:\\Root\\node_modules\\router\\index.js:688:15","statusCode":404,"timestamp":"2025-09-13 12:31:28"}
{"level":"error","message":"[GET] /services - Can't find /services on this server!","service":"user-service","stack":"Error: Can't find /services on this server!\n    at E:\\Root\\app.js:85:8\n    at Layer.handleRequest (E:\\Root\\node_modules\\router\\lib\\layer.js:152:17)\n    at next (E:\\Root\\node_modules\\router\\lib\\route.js:157:13)\n    at Route.dispatch (E:\\Root\\node_modules\\router\\lib\\route.js:117:3)\n    at handle (E:\\Root\\node_modules\\router\\index.js:435:11)\n    at Layer.handleRequest (E:\\Root\\node_modules\\router\\lib\\layer.js:152:17)\n    at E:\\Root\\node_modules\\router\\index.js:295:15\n    at processParams (E:\\Root\\node_modules\\router\\index.js:582:12)\n    at next (E:\\Root\\node_modules\\router\\index.js:291:5)\n    at E:\\Root\\node_modules\\router\\index.js:688:15","statusCode":404,"timestamp":"2025-09-13 12:32:28"}
{"level":"error","message":"[GET] /services - Can't find /services on this server!","service":"user-service","stack":"Error: Can't find /services on this server!\n    at E:\\Root\\app.js:85:8\n    at Layer.handleRequest (E:\\Root\\node_modules\\router\\lib\\layer.js:152:17)\n    at next (E:\\Root\\node_modules\\router\\lib\\route.js:157:13)\n    at Route.dispatch (E:\\Root\\node_modules\\router\\lib\\route.js:117:3)\n    at handle (E:\\Root\\node_modules\\router\\index.js:435:11)\n    at Layer.handleRequest (E:\\Root\\node_modules\\router\\lib\\layer.js:152:17)\n    at E:\\Root\\node_modules\\router\\index.js:295:15\n    at processParams (E:\\Root\\node_modules\\router\\index.js:582:12)\n    at next (E:\\Root\\node_modules\\router\\index.js:291:5)\n    at E:\\Root\\node_modules\\router\\index.js:688:15","statusCode":404,"timestamp":"2025-09-13 12:32:34"}
{"level":"error","message":"[GET] /bookings - Can't find /bookings on this server!","service":"user-service","stack":"Error: Can't find /bookings on this server!\n    at E:\\Root\\app.js:85:8\n    at Layer.handleRequest (E:\\Root\\node_modules\\router\\lib\\layer.js:152:17)\n    at next (E:\\Root\\node_modules\\router\\lib\\route.js:157:13)\n    at Route.dispatch (E:\\Root\\node_modules\\router\\lib\\route.js:117:3)\n    at handle (E:\\Root\\node_modules\\router\\index.js:435:11)\n    at Layer.handleRequest (E:\\Root\\node_modules\\router\\lib\\layer.js:152:17)\n    at E:\\Root\\node_modules\\router\\index.js:295:15\n    at processParams (E:\\Root\\node_modules\\router\\index.js:582:12)\n    at next (E:\\Root\\node_modules\\router\\index.js:291:5)\n    at E:\\Root\\node_modules\\router\\index.js:688:15","statusCode":404,"timestamp":"2025-09-13 12:34:35"}
{"level":"error","message":"[GET] /clean.jfif - Can't find /clean.jfif on this server!","service":"user-service","stack":"Error: Can't find /clean.jfif on this server!\n    at E:\\Root\\app.js:85:8\n    at Layer.handleRequest (E:\\Root\\node_modules\\router\\lib\\layer.js:152:17)\n    at next (E:\\Root\\node_modules\\router\\lib\\route.js:157:13)\n    at Route.dispatch (E:\\Root\\node_modules\\router\\lib\\route.js:117:3)\n    at handle (E:\\Root\\node_modules\\router\\index.js:435:11)\n    at Layer.handleRequest (E:\\Root\\node_modules\\router\\lib\\layer.js:152:17)\n    at E:\\Root\\node_modules\\router\\index.js:295:15\n    at processParams (E:\\Root\\node_modules\\router\\index.js:582:12)\n    at next (E:\\Root\\node_modules\\router\\index.js:291:5)\n    at E:\\Root\\node_modules\\router\\index.js:688:15","statusCode":404,"timestamp":"2025-09-13 12:39:28"}
{"level":"error","message":"[GET] /clean.jpg - Can't find /clean.jpg on this server!","service":"user-service","stack":"Error: Can't find /clean.jpg on this server!\n    at E:\\Root\\app.js:85:8\n    at Layer.handleRequest (E:\\Root\\node_modules\\router\\lib\\layer.js:152:17)\n    at next (E:\\Root\\node_modules\\router\\lib\\route.js:157:13)\n    at Route.dispatch (E:\\Root\\node_modules\\router\\lib\\route.js:117:3)\n    at handle (E:\\Root\\node_modules\\router\\index.js:435:11)\n    at Layer.handleRequest (E:\\Root\\node_modules\\router\\lib\\layer.js:152:17)\n    at E:\\Root\\node_modules\\router\\index.js:295:15\n    at processParams (E:\\Root\\node_modules\\router\\index.js:582:12)\n    at next (E:\\Root\\node_modules\\router\\index.js:291:5)\n    at E:\\Root\\node_modules\\router\\index.js:688:15","statusCode":404,"timestamp":"2025-09-13 12:52:14"}
{"level":"error","message":"[GET] /img/undefined - Can't find /img/undefined on this server!","service":"user-service","stack":"Error: Can't find /img/undefined on this server!\n    at E:\\Root\\app.js:85:8\n    at Layer.handleRequest (E:\\Root\\node_modules\\router\\lib\\layer.js:152:17)\n    at next (E:\\Root\\node_modules\\router\\lib\\route.js:157:13)\n    at Route.dispatch (E:\\Root\\node_modules\\router\\lib\\route.js:117:3)\n    at handle (E:\\Root\\node_modules\\router\\index.js:435:11)\n    at Layer.handleRequest (E:\\Root\\node_modules\\router\\lib\\layer.js:152:17)\n    at E:\\Root\\node_modules\\router\\index.js:295:15\n    at processParams (E:\\Root\\node_modules\\router\\index.js:582:12)\n    at next (E:\\Root\\node_modules\\router\\index.js:291:5)\n    at E:\\Root\\node_modules\\router\\index.js:688:15","statusCode":404,"timestamp":"2025-09-13 12:53:22"}
{"level":"error","message":"[GET] /img/undefined - Can't find /img/undefined on this server!","service":"user-service","stack":"Error: Can't find /img/undefined on this server!\n    at E:\\Root\\app.js:85:8\n    at Layer.handleRequest (E:\\Root\\node_modules\\router\\lib\\layer.js:152:17)\n    at next (E:\\Root\\node_modules\\router\\lib\\route.js:157:13)\n    at Route.dispatch (E:\\Root\\node_modules\\router\\lib\\route.js:117:3)\n    at handle (E:\\Root\\node_modules\\router\\index.js:435:11)\n    at Layer.handleRequest (E:\\Root\\node_modules\\router\\lib\\layer.js:152:17)\n    at E:\\Root\\node_modules\\router\\index.js:295:15\n    at processParams (E:\\Root\\node_modules\\router\\index.js:582:12)\n    at next (E:\\Root\\node_modules\\router\\index.js:291:5)\n    at E:\\Root\\node_modules\\router\\index.js:688:15","statusCode":404,"timestamp":"2025-09-13 12:53:58"}
{"level":"error","message":"[GET] /img/undefined - Can't find /img/undefined on this server!","service":"user-service","stack":"Error: Can't find /img/undefined on this server!\n    at E:\\Root\\app.js:85:8\n    at Layer.handleRequest (E:\\Root\\node_modules\\router\\lib\\layer.js:152:17)\n    at next (E:\\Root\\node_modules\\router\\lib\\route.js:157:13)\n    at Route.dispatch (E:\\Root\\node_modules\\router\\lib\\route.js:117:3)\n    at handle (E:\\Root\\node_modules\\router\\index.js:435:11)\n    at Layer.handleRequest (E:\\Root\\node_modules\\router\\lib\\layer.js:152:17)\n    at E:\\Root\\node_modules\\router\\index.js:295:15\n    at processParams (E:\\Root\\node_modules\\router\\index.js:582:12)\n    at next (E:\\Root\\node_modules\\router\\index.js:291:5)\n    at E:\\Root\\node_modules\\router\\index.js:688:15","statusCode":404,"timestamp":"2025-09-13 12:54:22"}
{"level":"error","message":"[GET] /img/undefined - Can't find /img/undefined on this server!","service":"user-service","stack":"Error: Can't find /img/undefined on this server!\n    at E:\\Root\\app.js:85:8\n    at Layer.handleRequest (E:\\Root\\node_modules\\router\\lib\\layer.js:152:17)\n    at next (E:\\Root\\node_modules\\router\\lib\\route.js:157:13)\n    at Route.dispatch (E:\\Root\\node_modules\\router\\lib\\route.js:117:3)\n    at handle (E:\\Root\\node_modules\\router\\index.js:435:11)\n    at Layer.handleRequest (E:\\Root\\node_modules\\router\\lib\\layer.js:152:17)\n    at E:\\Root\\node_modules\\router\\index.js:295:15\n    at processParams (E:\\Root\\node_modules\\router\\index.js:582:12)\n    at next (E:\\Root\\node_modules\\router\\index.js:291:5)\n    at E:\\Root\\node_modules\\router\\index.js:688:15","statusCode":404,"timestamp":"2025-09-13 12:54:46"}
{"level":"error","message":"[GET] /img/undefined - Can't find /img/undefined on this server!","service":"user-service","stack":"Error: Can't find /img/undefined on this server!\n    at E:\\Root\\app.js:85:8\n    at Layer.handleRequest (E:\\Root\\node_modules\\router\\lib\\layer.js:152:17)\n    at next (E:\\Root\\node_modules\\router\\lib\\route.js:157:13)\n    at Route.dispatch (E:\\Root\\node_modules\\router\\lib\\route.js:117:3)\n    at handle (E:\\Root\\node_modules\\router\\index.js:435:11)\n    at Layer.handleRequest (E:\\Root\\node_modules\\router\\lib\\layer.js:152:17)\n    at E:\\Root\\node_modules\\router\\index.js:295:15\n    at processParams (E:\\Root\\node_modules\\router\\index.js:582:12)\n    at next (E:\\Root\\node_modules\\router\\index.js:291:5)\n    at E:\\Root\\node_modules\\router\\index.js:688:15","statusCode":404,"timestamp":"2025-09-13 12:56:02"}
{"level":"error","message":"[GET] /img/undefined - Can't find /img/undefined on this server!","service":"user-service","stack":"Error: Can't find /img/undefined on this server!\n    at E:\\Root\\app.js:85:8\n    at Layer.handleRequest (E:\\Root\\node_modules\\router\\lib\\layer.js:152:17)\n    at next (E:\\Root\\node_modules\\router\\lib\\route.js:157:13)\n    at Route.dispatch (E:\\Root\\node_modules\\router\\lib\\route.js:117:3)\n    at handle (E:\\Root\\node_modules\\router\\index.js:435:11)\n    at Layer.handleRequest (E:\\Root\\node_modules\\router\\lib\\layer.js:152:17)\n    at E:\\Root\\node_modules\\router\\index.js:295:15\n    at processParams (E:\\Root\\node_modules\\router\\index.js:582:12)\n    at next (E:\\Root\\node_modules\\router\\index.js:291:5)\n    at E:\\Root\\node_modules\\router\\index.js:688:15","statusCode":404,"timestamp":"2025-09-13 12:56:24"}
{"level":"error","message":"[GET] /img/undefined - Can't find /img/undefined on this server!","service":"user-service","stack":"Error: Can't find /img/undefined on this server!\n    at E:\\Root\\app.js:85:8\n    at Layer.handleRequest (E:\\Root\\node_modules\\router\\lib\\layer.js:152:17)\n    at next (E:\\Root\\node_modules\\router\\lib\\route.js:157:13)\n    at Route.dispatch (E:\\Root\\node_modules\\router\\lib\\route.js:117:3)\n    at handle (E:\\Root\\node_modules\\router\\index.js:435:11)\n    at Layer.handleRequest (E:\\Root\\node_modules\\router\\lib\\layer.js:152:17)\n    at E:\\Root\\node_modules\\router\\index.js:295:15\n    at processParams (E:\\Root\\node_modules\\router\\index.js:582:12)\n    at next (E:\\Root\\node_modules\\router\\index.js:291:5)\n    at E:\\Root\\node_modules\\router\\index.js:688:15","statusCode":404,"timestamp":"2025-09-13 12:58:06"}
{"level":"error","message":"[GET] /img/undefined - Can't find /img/undefined on this server!","service":"user-service","stack":"Error: Can't find /img/undefined on this server!\n    at E:\\Root\\app.js:85:8\n    at Layer.handleRequest (E:\\Root\\node_modules\\router\\lib\\layer.js:152:17)\n    at next (E:\\Root\\node_modules\\router\\lib\\route.js:157:13)\n    at Route.dispatch (E:\\Root\\node_modules\\router\\lib\\route.js:117:3)\n    at handle (E:\\Root\\node_modules\\router\\index.js:435:11)\n    at Layer.handleRequest (E:\\Root\\node_modules\\router\\lib\\layer.js:152:17)\n    at E:\\Root\\node_modules\\router\\index.js:295:15\n    at processParams (E:\\Root\\node_modules\\router\\index.js:582:12)\n    at next (E:\\Root\\node_modules\\router\\index.js:291:5)\n    at E:\\Root\\node_modules\\router\\index.js:688:15","statusCode":404,"timestamp":"2025-09-13 12:58:41"}
{"level":"error","message":"[GET] /img/undefined - Can't find /img/undefined on this server!","service":"user-service","stack":"Error: Can't find /img/undefined on this server!\n    at E:\\Root\\app.js:85:8\n    at Layer.handleRequest (E:\\Root\\node_modules\\router\\lib\\layer.js:152:17)\n    at next (E:\\Root\\node_modules\\router\\lib\\route.js:157:13)\n    at Route.dispatch (E:\\Root\\node_modules\\router\\lib\\route.js:117:3)\n    at handle (E:\\Root\\node_modules\\router\\index.js:435:11)\n    at Layer.handleRequest (E:\\Root\\node_modules\\router\\lib\\layer.js:152:17)\n    at E:\\Root\\node_modules\\router\\index.js:295:15\n    at processParams (E:\\Root\\node_modules\\router\\index.js:582:12)\n    at next (E:\\Root\\node_modules\\router\\index.js:291:5)\n    at E:\\Root\\node_modules\\router\\index.js:688:15","statusCode":404,"timestamp":"2025-09-13 13:01:06"}
{"level":"error","message":"[GET] /img/undefined - Can't find /img/undefined on this server!","service":"user-service","stack":"Error: Can't find /img/undefined on this server!\n    at E:\\Root\\app.js:85:8\n    at Layer.handleRequest (E:\\Root\\node_modules\\router\\lib\\layer.js:152:17)\n    at next (E:\\Root\\node_modules\\router\\lib\\route.js:157:13)\n    at Route.dispatch (E:\\Root\\node_modules\\router\\lib\\route.js:117:3)\n    at handle (E:\\Root\\node_modules\\router\\index.js:435:11)\n    at Layer.handleRequest (E:\\Root\\node_modules\\router\\lib\\layer.js:152:17)\n    at E:\\Root\\node_modules\\router\\index.js:295:15\n    at processParams (E:\\Root\\node_modules\\router\\index.js:582:12)\n    at next (E:\\Root\\node_modules\\router\\index.js:291:5)\n    at E:\\Root\\node_modules\\router\\index.js:688:15","statusCode":404,"timestamp":"2025-09-13 13:01:55"}
{"level":"error","message":"[GET] /img/undefined - Can't find /img/undefined on this server!","service":"user-service","stack":"Error: Can't find /img/undefined on this server!\n    at E:\\Root\\app.js:85:8\n    at Layer.handleRequest (E:\\Root\\node_modules\\router\\lib\\layer.js:152:17)\n    at next (E:\\Root\\node_modules\\router\\lib\\route.js:157:13)\n    at Route.dispatch (E:\\Root\\node_modules\\router\\lib\\route.js:117:3)\n    at handle (E:\\Root\\node_modules\\router\\index.js:435:11)\n    at Layer.handleRequest (E:\\Root\\node_modules\\router\\lib\\layer.js:152:17)\n    at E:\\Root\\node_modules\\router\\index.js:295:15\n    at processParams (E:\\Root\\node_modules\\router\\index.js:582:12)\n    at next (E:\\Root\\node_modules\\router\\index.js:291:5)\n    at E:\\Root\\node_modules\\router\\index.js:688:15","statusCode":404,"timestamp":"2025-09-13 13:02:10"}
{"level":"error","message":"[GET] /img/undefined - Can't find /img/undefined on this server!","service":"user-service","stack":"Error: Can't find /img/undefined on this server!\n    at E:\\Root\\app.js:85:8\n    at Layer.handleRequest (E:\\Root\\node_modules\\router\\lib\\layer.js:152:17)\n    at next (E:\\Root\\node_modules\\router\\lib\\route.js:157:13)\n    at Route.dispatch (E:\\Root\\node_modules\\router\\lib\\route.js:117:3)\n    at handle (E:\\Root\\node_modules\\router\\index.js:435:11)\n    at Layer.handleRequest (E:\\Root\\node_modules\\router\\lib\\layer.js:152:17)\n    at E:\\Root\\node_modules\\router\\index.js:295:15\n    at processParams (E:\\Root\\node_modules\\router\\index.js:582:12)\n    at next (E:\\Root\\node_modules\\router\\index.js:291:5)\n    at E:\\Root\\node_modules\\router\\index.js:688:15","statusCode":404,"timestamp":"2025-09-13 13:02:20"}
{"level":"error","message":"[GET] /img/undefined - Can't find /img/undefined on this server!","service":"user-service","stack":"Error: Can't find /img/undefined on this server!\n    at E:\\Root\\app.js:85:8\n    at Layer.handleRequest (E:\\Root\\node_modules\\router\\lib\\layer.js:152:17)\n    at next (E:\\Root\\node_modules\\router\\lib\\route.js:157:13)\n    at Route.dispatch (E:\\Root\\node_modules\\router\\lib\\route.js:117:3)\n    at handle (E:\\Root\\node_modules\\router\\index.js:435:11)\n    at Layer.handleRequest (E:\\Root\\node_modules\\router\\lib\\layer.js:152:17)\n    at E:\\Root\\node_modules\\router\\index.js:295:15\n    at processParams (E:\\Root\\node_modules\\router\\index.js:582:12)\n    at next (E:\\Root\\node_modules\\router\\index.js:291:5)\n    at E:\\Root\\node_modules\\router\\index.js:688:15","statusCode":404,"timestamp":"2025-09-13 13:02:31"}
{"level":"error","message":"[GET] /img/undefined - Can't find /img/undefined on this server!","service":"user-service","stack":"Error: Can't find /img/undefined on this server!\n    at E:\\Root\\app.js:85:8\n    at Layer.handleRequest (E:\\Root\\node_modules\\router\\lib\\layer.js:152:17)\n    at next (E:\\Root\\node_modules\\router\\lib\\route.js:157:13)\n    at Route.dispatch (E:\\Root\\node_modules\\router\\lib\\route.js:117:3)\n    at handle (E:\\Root\\node_modules\\router\\index.js:435:11)\n    at Layer.handleRequest (E:\\Root\\node_modules\\router\\lib\\layer.js:152:17)\n    at E:\\Root\\node_modules\\router\\index.js:295:15\n    at processParams (E:\\Root\\node_modules\\router\\index.js:582:12)\n    at next (E:\\Root\\node_modules\\router\\index.js:291:5)\n    at E:\\Root\\node_modules\\router\\index.js:688:15","statusCode":404,"timestamp":"2025-09-13 13:02:40"}
{"level":"error","message":"[GET] /img/undefined - Can't find /img/undefined on this server!","service":"user-service","stack":"Error: Can't find /img/undefined on this server!\n    at E:\\Root\\app.js:85:8\n    at Layer.handleRequest (E:\\Root\\node_modules\\router\\lib\\layer.js:152:17)\n    at next (E:\\Root\\node_modules\\router\\lib\\route.js:157:13)\n    at Route.dispatch (E:\\Root\\node_modules\\router\\lib\\route.js:117:3)\n    at handle (E:\\Root\\node_modules\\router\\index.js:435:11)\n    at Layer.handleRequest (E:\\Root\\node_modules\\router\\lib\\layer.js:152:17)\n    at E:\\Root\\node_modules\\router\\index.js:295:15\n    at processParams (E:\\Root\\node_modules\\router\\index.js:582:12)\n    at next (E:\\Root\\node_modules\\router\\index.js:291:5)\n    at E:\\Root\\node_modules\\router\\index.js:688:15","statusCode":404,"timestamp":"2025-09-13 13:03:16"}
{"level":"error","message":"[GET] /img/undefined - Can't find /img/undefined on this server!","service":"user-service","stack":"Error: Can't find /img/undefined on this server!\n    at E:\\Root\\app.js:85:8\n    at Layer.handleRequest (E:\\Root\\node_modules\\router\\lib\\layer.js:152:17)\n    at next (E:\\Root\\node_modules\\router\\lib\\route.js:157:13)\n    at Route.dispatch (E:\\Root\\node_modules\\router\\lib\\route.js:117:3)\n    at handle (E:\\Root\\node_modules\\router\\index.js:435:11)\n    at Layer.handleRequest (E:\\Root\\node_modules\\router\\lib\\layer.js:152:17)\n    at E:\\Root\\node_modules\\router\\index.js:295:15\n    at processParams (E:\\Root\\node_modules\\router\\index.js:582:12)\n    at next (E:\\Root\\node_modules\\router\\index.js:291:5)\n    at E:\\Root\\node_modules\\router\\index.js:688:15","statusCode":404,"timestamp":"2025-09-13 13:03:43"}
{"level":"error","message":"[GET] /img/undefined - Can't find /img/undefined on this server!","service":"user-service","stack":"Error: Can't find /img/undefined on this server!\n    at E:\\Root\\app.js:85:8\n    at Layer.handleRequest (E:\\Root\\node_modules\\router\\lib\\layer.js:152:17)\n    at next (E:\\Root\\node_modules\\router\\lib\\route.js:157:13)\n    at Route.dispatch (E:\\Root\\node_modules\\router\\lib\\route.js:117:3)\n    at handle (E:\\Root\\node_modules\\router\\index.js:435:11)\n    at Layer.handleRequest (E:\\Root\\node_modules\\router\\lib\\layer.js:152:17)\n    at E:\\Root\\node_modules\\router\\index.js:295:15\n    at processParams (E:\\Root\\node_modules\\router\\index.js:582:12)\n    at next (E:\\Root\\node_modules\\router\\index.js:291:5)\n    at E:\\Root\\node_modules\\router\\index.js:688:15","statusCode":404,"timestamp":"2025-09-13 13:04:35"}
{"level":"error","message":"[GET] /img/undefined - Can't find /img/undefined on this server!","service":"user-service","stack":"Error: Can't find /img/undefined on this server!\n    at E:\\Root\\app.js:85:8\n    at Layer.handleRequest (E:\\Root\\node_modules\\router\\lib\\layer.js:152:17)\n    at next (E:\\Root\\node_modules\\router\\lib\\route.js:157:13)\n    at Route.dispatch (E:\\Root\\node_modules\\router\\lib\\route.js:117:3)\n    at handle (E:\\Root\\node_modules\\router\\index.js:435:11)\n    at Layer.handleRequest (E:\\Root\\node_modules\\router\\lib\\layer.js:152:17)\n    at E:\\Root\\node_modules\\router\\index.js:295:15\n    at processParams (E:\\Root\\node_modules\\router\\index.js:582:12)\n    at next (E:\\Root\\node_modules\\router\\index.js:291:5)\n    at E:\\Root\\node_modules\\router\\index.js:688:15","statusCode":404,"timestamp":"2025-09-13 13:05:04"}
{"level":"error","message":"[GET] /img/undefined - Can't find /img/undefined on this server!","service":"user-service","stack":"Error: Can't find /img/undefined on this server!\n    at E:\\Root\\app.js:85:8\n    at Layer.handleRequest (E:\\Root\\node_modules\\router\\lib\\layer.js:152:17)\n    at next (E:\\Root\\node_modules\\router\\lib\\route.js:157:13)\n    at Route.dispatch (E:\\Root\\node_modules\\router\\lib\\route.js:117:3)\n    at handle (E:\\Root\\node_modules\\router\\index.js:435:11)\n    at Layer.handleRequest (E:\\Root\\node_modules\\router\\lib\\layer.js:152:17)\n    at E:\\Root\\node_modules\\router\\index.js:295:15\n    at processParams (E:\\Root\\node_modules\\router\\index.js:582:12)\n    at next (E:\\Root\\node_modules\\router\\index.js:291:5)\n    at E:\\Root\\node_modules\\router\\index.js:688:15","statusCode":404,"timestamp":"2025-09-13 13:05:41"}
{"level":"error","message":"[GET] /img/undefined - Can't find /img/undefined on this server!","service":"user-service","stack":"Error: Can't find /img/undefined on this server!\n    at E:\\Root\\app.js:85:8\n    at Layer.handleRequest (E:\\Root\\node_modules\\router\\lib\\layer.js:152:17)\n    at next (E:\\Root\\node_modules\\router\\lib\\route.js:157:13)\n    at Route.dispatch (E:\\Root\\node_modules\\router\\lib\\route.js:117:3)\n    at handle (E:\\Root\\node_modules\\router\\index.js:435:11)\n    at Layer.handleRequest (E:\\Root\\node_modules\\router\\lib\\layer.js:152:17)\n    at E:\\Root\\node_modules\\router\\index.js:295:15\n    at processParams (E:\\Root\\node_modules\\router\\index.js:582:12)\n    at next (E:\\Root\\node_modules\\router\\index.js:291:5)\n    at E:\\Root\\node_modules\\router\\index.js:688:15","statusCode":404,"timestamp":"2025-09-13 13:07:10"}
{"level":"error","message":"[GET] /img/undefined - Can't find /img/undefined on this server!","service":"user-service","stack":"Error: Can't find /img/undefined on this server!\n    at E:\\Root\\app.js:85:8\n    at Layer.handleRequest (E:\\Root\\node_modules\\router\\lib\\layer.js:152:17)\n    at next (E:\\Root\\node_modules\\router\\lib\\route.js:157:13)\n    at Route.dispatch (E:\\Root\\node_modules\\router\\lib\\route.js:117:3)\n    at handle (E:\\Root\\node_modules\\router\\index.js:435:11)\n    at Layer.handleRequest (E:\\Root\\node_modules\\router\\lib\\layer.js:152:17)\n    at E:\\Root\\node_modules\\router\\index.js:295:15\n    at processParams (E:\\Root\\node_modules\\router\\index.js:582:12)\n    at next (E:\\Root\\node_modules\\router\\index.js:291:5)\n    at E:\\Root\\node_modules\\router\\index.js:688:15","statusCode":404,"timestamp":"2025-09-13 13:07:41"}
{"level":"error","message":"[GET] /img/undefined - Can't find /img/undefined on this server!","service":"user-service","stack":"Error: Can't find /img/undefined on this server!\n    at E:\\Root\\app.js:85:8\n    at Layer.handleRequest (E:\\Root\\node_modules\\router\\lib\\layer.js:152:17)\n    at next (E:\\Root\\node_modules\\router\\lib\\route.js:157:13)\n    at Route.dispatch (E:\\Root\\node_modules\\router\\lib\\route.js:117:3)\n    at handle (E:\\Root\\node_modules\\router\\index.js:435:11)\n    at Layer.handleRequest (E:\\Root\\node_modules\\router\\lib\\layer.js:152:17)\n    at E:\\Root\\node_modules\\router\\index.js:295:15\n    at processParams (E:\\Root\\node_modules\\router\\index.js:582:12)\n    at next (E:\\Root\\node_modules\\router\\index.js:291:5)\n    at E:\\Root\\node_modules\\router\\index.js:688:15","statusCode":404,"timestamp":"2025-09-13 13:19:37"}
{"level":"error","message":"[GET] /img/undefined - Can't find /img/undefined on this server!","service":"user-service","stack":"Error: Can't find /img/undefined on this server!\n    at E:\\Root\\app.js:85:8\n    at Layer.handleRequest (E:\\Root\\node_modules\\router\\lib\\layer.js:152:17)\n    at next (E:\\Root\\node_modules\\router\\lib\\route.js:157:13)\n    at Route.dispatch (E:\\Root\\node_modules\\router\\lib\\route.js:117:3)\n    at handle (E:\\Root\\node_modules\\router\\index.js:435:11)\n    at Layer.handleRequest (E:\\Root\\node_modules\\router\\lib\\layer.js:152:17)\n    at E:\\Root\\node_modules\\router\\index.js:295:15\n    at processParams (E:\\Root\\node_modules\\router\\index.js:582:12)\n    at next (E:\\Root\\node_modules\\router\\index.js:291:5)\n    at E:\\Root\\node_modules\\router\\index.js:688:15","statusCode":404,"timestamp":"2025-09-13 13:22:43"}
{"level":"error","message":"[GET] /img/undefined - Can't find /img/undefined on this server!","service":"user-service","stack":"Error: Can't find /img/undefined on this server!\n    at E:\\Root\\app.js:85:8\n    at Layer.handleRequest (E:\\Root\\node_modules\\router\\lib\\layer.js:152:17)\n    at next (E:\\Root\\node_modules\\router\\lib\\route.js:157:13)\n    at Route.dispatch (E:\\Root\\node_modules\\router\\lib\\route.js:117:3)\n    at handle (E:\\Root\\node_modules\\router\\index.js:435:11)\n    at Layer.handleRequest (E:\\Root\\node_modules\\router\\lib\\layer.js:152:17)\n    at E:\\Root\\node_modules\\router\\index.js:295:15\n    at processParams (E:\\Root\\node_modules\\router\\index.js:582:12)\n    at next (E:\\Root\\node_modules\\router\\index.js:291:5)\n    at E:\\Root\\node_modules\\router\\index.js:688:15","statusCode":404,"timestamp":"2025-09-13 13:29:44"}
{"level":"error","message":"[GET] /img/fitness.jpg - Can't find /img/fitness.jpg on this server!","service":"user-service","stack":"Error: Can't find /img/fitness.jpg on this server!\n    at E:\\Root\\app.js:85:8\n    at Layer.handleRequest (E:\\Root\\node_modules\\router\\lib\\layer.js:152:17)\n    at next (E:\\Root\\node_modules\\router\\lib\\route.js:157:13)\n    at Route.dispatch (E:\\Root\\node_modules\\router\\lib\\route.js:117:3)\n    at handle (E:\\Root\\node_modules\\router\\index.js:435:11)\n    at Layer.handleRequest (E:\\Root\\node_modules\\router\\lib\\layer.js:152:17)\n    at E:\\Root\\node_modules\\router\\index.js:295:15\n    at processParams (E:\\Root\\node_modules\\router\\index.js:582:12)\n    at next (E:\\Root\\node_modules\\router\\index.js:291:5)\n    at E:\\Root\\node_modules\\router\\index.js:688:15","statusCode":404,"timestamp":"2025-09-13 13:36:47"}
{"level":"error","message":"[GET] /img/fitness.jpg - Can't find /img/fitness.jpg on this server!","service":"user-service","stack":"Error: Can't find /img/fitness.jpg on this server!\n    at E:\\Root\\app.js:85:8\n    at Layer.handleRequest (E:\\Root\\node_modules\\router\\lib\\layer.js:152:17)\n    at next (E:\\Root\\node_modules\\router\\lib\\route.js:157:13)\n    at Route.dispatch (E:\\Root\\node_modules\\router\\lib\\route.js:117:3)\n    at handle (E:\\Root\\node_modules\\router\\index.js:435:11)\n    at Layer.handleRequest (E:\\Root\\node_modules\\router\\lib\\layer.js:152:17)\n    at E:\\Root\\node_modules\\router\\index.js:295:15\n    at processParams (E:\\Root\\node_modules\\router\\index.js:582:12)\n    at next (E:\\Root\\node_modules\\router\\index.js:291:5)\n    at E:\\Root\\node_modules\\router\\index.js:688:15","statusCode":404,"timestamp":"2025-09-13 13:38:42"}
{"level":"error","message":"[GET] /img/fitness.jpg - Can't find /img/fitness.jpg on this server!","service":"user-service","stack":"Error: Can't find /img/fitness.jpg on this server!\n    at E:\\Root\\app.js:85:8\n    at Layer.handleRequest (E:\\Root\\node_modules\\router\\lib\\layer.js:152:17)\n    at next (E:\\Root\\node_modules\\router\\lib\\route.js:157:13)\n    at Route.dispatch (E:\\Root\\node_modules\\router\\lib\\route.js:117:3)\n    at handle (E:\\Root\\node_modules\\router\\index.js:435:11)\n    at Layer.handleRequest (E:\\Root\\node_modules\\router\\lib\\layer.js:152:17)\n    at E:\\Root\\node_modules\\router\\index.js:295:15\n    at processParams (E:\\Root\\node_modules\\router\\index.js:582:12)\n    at next (E:\\Root\\node_modules\\router\\index.js:291:5)\n    at E:\\Root\\node_modules\\router\\index.js:688:15","statusCode":404,"timestamp":"2025-09-13 13:39:25"}
{"level":"info","message":"App starting...","service":"user-service","timestamp":"2025-09-13 13:49:10"}
{"level":"info","message":"App starting...","service":"user-service","timestamp":"2025-09-13 13:49:24"}
{"level":"info","message":"App starting...","service":"user-service","timestamp":"2025-09-13 13:49:37"}
{"level":"info","message":"App starting...","service":"user-service","timestamp":"2025-09-13 13:49:58"}
{"level":"info","message":"App starting...","service":"user-service","timestamp":"2025-09-13 13:50:24"}
{"level":"info","message":"App starting...","service":"user-service","timestamp":"2025-09-13 13:52:36"}
{"level":"info","message":"App starting...","service":"user-service","timestamp":"2025-09-13 13:55:07"}
{"level":"info","message":"App starting...","service":"user-service","timestamp":"2025-09-13 13:55:13"}
{"level":"info","message":"App starting...","service":"user-service","timestamp":"2025-09-13 13:55:20"}
{"level":"info","message":"App starting...","service":"user-service","timestamp":"2025-09-13 13:55:27"}
{"level":"info","message":"App starting...","service":"user-service","timestamp":"2025-09-13 13:55:40"}
{"level":"info","message":"App starting...","service":"user-service","timestamp":"2025-09-13 13:55:50"}
{"level":"info","message":"App starting...","service":"user-service","timestamp":"2025-09-13 13:55:56"}
{"level":"error","message":"[GET] /services - Can't find /services on this server!","service":"user-service","stack":"Error: Can't find /services on this server!\n    at E:\\Root\\app.js:85:8\n    at Layer.handleRequest (E:\\Root\\node_modules\\router\\lib\\layer.js:152:17)\n    at next (E:\\Root\\node_modules\\router\\lib\\route.js:157:13)\n    at Route.dispatch (E:\\Root\\node_modules\\router\\lib\\route.js:117:3)\n    at handle (E:\\Root\\node_modules\\router\\index.js:435:11)\n    at Layer.handleRequest (E:\\Root\\node_modules\\router\\lib\\layer.js:152:17)\n    at E:\\Root\\node_modules\\router\\index.js:295:15\n    at processParams (E:\\Root\\node_modules\\router\\index.js:582:12)\n    at next (E:\\Root\\node_modules\\router\\index.js:291:5)\n    at E:\\Root\\node_modules\\router\\index.js:688:15","statusCode":404,"timestamp":"2025-09-13 14:02:56"}
{"level":"error","message":"[GET] /index - Can't find /index on this server!","service":"user-service","stack":"Error: Can't find /index on this server!\n    at E:\\Root\\app.js:85:8\n    at Layer.handleRequest (E:\\Root\\node_modules\\router\\lib\\layer.js:152:17)\n    at next (E:\\Root\\node_modules\\router\\lib\\route.js:157:13)\n    at Route.dispatch (E:\\Root\\node_modules\\router\\lib\\route.js:117:3)\n    at handle (E:\\Root\\node_modules\\router\\index.js:435:11)\n    at Layer.handleRequest (E:\\Root\\node_modules\\router\\lib\\layer.js:152:17)\n    at E:\\Root\\node_modules\\router\\index.js:295:15\n    at processParams (E:\\Root\\node_modules\\router\\index.js:582:12)\n    at next (E:\\Root\\node_modules\\router\\index.js:291:5)\n    at E:\\Root\\node_modules\\router\\index.js:688:15","statusCode":404,"timestamp":"2025-09-13 14:03:37"}
{"level":"info","message":"App starting...","service":"user-service","timestamp":"2025-09-14 11:10:37"}
{"level":"info","message":"App starting...","service":"user-service","timestamp":"2025-09-14 11:10:59"}
{"level":"info","message":"App starting...","service":"user-service","timestamp":"2025-09-14 11:26:55"}
{"level":"info","message":"App starting...","service":"user-service","timestamp":"2025-09-14 11:28:55"}
{"level":"info","message":"App starting...","service":"user-service","timestamp":"2025-09-14 11:30:21"}
{"level":"info","message":"App starting...","service":"user-service","timestamp":"2025-09-14 11:30:31"}
{"level":"info","message":"App starting...","service":"user-service","timestamp":"2025-09-14 11:30:33"}
{"level":"info","message":"App starting...","service":"user-service","timestamp":"2025-09-14 11:31:51"}
{"level":"info","message":"App starting...","service":"user-service","timestamp":"2025-09-14 11:31:54"}
{"level":"info","message":"App starting...","service":"user-service","timestamp":"2025-09-14 11:35:53"}
{"level":"info","message":"App starting...","service":"user-service","timestamp":"2025-09-14 11:36:23"}
{"level":"info","message":"App starting...","service":"user-service","timestamp":"2025-09-14 11:40:50"}
{"level":"info","message":"App starting...","service":"user-service","timestamp":"2025-09-14 11:41:08"}
{"level":"info","message":"App starting...","service":"user-service","timestamp":"2025-09-14 12:12:12"}
